2013/12/15 23:10:33 [error] [php] Use of undefined constant php - assumed 'php' (C:\OpenServer\domains\web-art.local\www\protected\views\layouts\main.php:38)
Stack trace:
#0 C:\OpenServer\domains\web-art.local\www\yii\framework\web\widgets\CContentDecorator.php(76): SiteController->renderFile()
#1 C:\OpenServer\domains\web-art.local\www\yii\framework\web\widgets\CContentDecorator.php(54): CContentDecorator->decorate()
#2 C:\OpenServer\domains\web-art.local\www\yii\framework\web\widgets\COutputProcessor.php(44): CContentDecorator->processOutput()
#3 C:\OpenServer\domains\web-art.local\www\yii\framework\web\CBaseController.php(206): CContentDecorator->run()
#4 C:\OpenServer\domains\web-art.local\www\yii\framework\web\CBaseController.php(300): SiteController->endWidget()
#5 C:\OpenServer\domains\web-art.local\www\protected\views\layouts\column1.php(6): SiteController->endContent()
#6 C:\OpenServer\domains\web-art.local\www\yii\framework\web\CBaseController.php(126): require()
#7 C:\OpenServer\domains\web-art.local\www\yii\framework\web\CBaseController.php(95): SiteController->renderInternal()
#8 C:\OpenServer\domains\web-art.local\www\yii\framework\web\CController.php(784): SiteController->renderFile()
#9 C:\OpenServer\domains\web-art.local\www\protected\controllers\SiteController.php(32): SiteController->render()
#10 C:\OpenServer\domains\web-art.local\www\yii\framework\web\actions\CInlineAction.php(49): SiteController->actionIndex()
#11 C:\OpenServer\domains\web-art.local\www\yii\framework\web\CController.php(308): CInlineAction->runWithParams()
#12 C:\OpenServer\domains\web-art.local\www\yii\framework\web\CController.php(286): SiteController->runAction()
#13 C:\OpenServer\domains\web-art.local\www\yii\framework\web\CController.php(265): SiteController->runActionWithFilters()
#14 C:\OpenServer\domains\web-art.local\www\yii\framework\web\CWebApplication.php(282): SiteController->run()
#15 C:\OpenServer\domains\web-art.local\www\yii\framework\web\CWebApplication.php(141): CWebApplication->runController()
#16 C:\OpenServer\domains\web-art.local\www\yii\framework\base\CApplication.php(180): CWebApplication->processRequest()
#17 C:\OpenServer\domains\web-art.local\www\index.php(13): CWebApplication->run()
REQUEST_URI=/
in C:\OpenServer\domains\web-art.local\www\protected\views\layouts\main.php (38)
in C:\OpenServer\domains\web-art.local\www\protected\views\layouts\column1.php (6)
in C:\OpenServer\domains\web-art.local\www\protected\controllers\SiteController.php (32)
2013/12/15 23:17:51 [error] [exception.CHttpException.404] exception 'CHttpException' with message 'Unable to resolve the request "ololo".' in C:\OpenServer\domains\web-art.local\www\yii\framework\web\CWebApplication.php:286
Stack trace:
#0 C:\OpenServer\domains\web-art.local\www\yii\framework\web\CWebApplication.php(141): CWebApplication->runController('ololo')
#1 C:\OpenServer\domains\web-art.local\www\yii\framework\base\CApplication.php(180): CWebApplication->processRequest()
#2 C:\OpenServer\domains\web-art.local\www\index.php(13): CApplication->run()
#3 {main}
REQUEST_URI=/index.php?r=ololo
---
2013/12/15 23:18:13 [error] [exception.CHttpException.400] exception 'CHttpException' with message 'Your request is invalid.' in C:\OpenServer\domains\web-art.local\www\yii\framework\web\CController.php:336
Stack trace:
#0 C:\OpenServer\domains\web-art.local\www\yii\framework\web\CController.php(309): CController->invalidActionParams(Object(CInlineAction))
#1 C:\OpenServer\domains\web-art.local\www\yii\framework\web\CController.php(286): CController->runAction(Object(CInlineAction))
#2 C:\OpenServer\domains\web-art.local\www\yii\framework\web\CController.php(265): CController->runActionWithFilters(Object(CInlineAction), Array)
#3 C:\OpenServer\domains\web-art.local\www\yii\framework\web\CWebApplication.php(282): CController->run('')
#4 C:\OpenServer\domains\web-art.local\www\yii\framework\web\CWebApplication.php(141): CWebApplication->runController('')
#5 C:\OpenServer\domains\web-art.local\www\yii\framework\base\CApplication.php(180): CWebApplication->processRequest()
#6 C:\OpenServer\domains\web-art.local\www\index.php(13): CApplication->run()
#7 {main}
REQUEST_URI=/index.php?r=ololo
---
2013/12/15 23:18:25 [error] [exception.CHttpException.400] exception 'CHttpException' with message 'Your request is invalid.' in C:\OpenServer\domains\web-art.local\www\yii\framework\web\CController.php:336
Stack trace:
#0 C:\OpenServer\domains\web-art.local\www\yii\framework\web\CController.php(309): CController->invalidActionParams(Object(CInlineAction))
#1 C:\OpenServer\domains\web-art.local\www\yii\framework\web\CController.php(286): CController->runAction(Object(CInlineAction))
#2 C:\OpenServer\domains\web-art.local\www\yii\framework\web\CController.php(265): CController->runActionWithFilters(Object(CInlineAction), Array)
#3 C:\OpenServer\domains\web-art.local\www\yii\framework\web\CWebApplication.php(282): CController->run('')
#4 C:\OpenServer\domains\web-art.local\www\yii\framework\web\CWebApplication.php(141): CWebApplication->runController('')
#5 C:\OpenServer\domains\web-art.local\www\yii\framework\base\CApplication.php(180): CWebApplication->processRequest()
#6 C:\OpenServer\domains\web-art.local\www\index.php(13): CApplication->run()
#7 {main}
REQUEST_URI=/index.php?r=ololo
---
2013/12/15 23:18:27 [error] [exception.CHttpException.400] exception 'CHttpException' with message 'Your request is invalid.' in C:\OpenServer\domains\web-art.local\www\yii\framework\web\CController.php:336
Stack trace:
#0 C:\OpenServer\domains\web-art.local\www\yii\framework\web\CController.php(309): CController->invalidActionParams(Object(CInlineAction))
#1 C:\OpenServer\domains\web-art.local\www\yii\framework\web\CController.php(286): CController->runAction(Object(CInlineAction))
#2 C:\OpenServer\domains\web-art.local\www\yii\framework\web\CController.php(265): CController->runActionWithFilters(Object(CInlineAction), Array)
#3 C:\OpenServer\domains\web-art.local\www\yii\framework\web\CWebApplication.php(282): CController->run('')
#4 C:\OpenServer\domains\web-art.local\www\yii\framework\web\CWebApplication.php(141): CWebApplication->runController('')
#5 C:\OpenServer\domains\web-art.local\www\yii\framework\base\CApplication.php(180): CWebApplication->processRequest()
#6 C:\OpenServer\domains\web-art.local\www\index.php(13): CApplication->run()
#7 {main}
REQUEST_URI=/index.php?r=ololo
---
2013/12/15 23:19:31 [error] [exception.CHttpException.400] exception 'CHttpException' with message 'Your request is invalid.' in C:\OpenServer\domains\web-art.local\www\yii\framework\web\CController.php:336
Stack trace:
#0 C:\OpenServer\domains\web-art.local\www\yii\framework\web\CController.php(309): CController->invalidActionParams(Object(CInlineAction))
#1 C:\OpenServer\domains\web-art.local\www\yii\framework\web\CController.php(286): CController->runAction(Object(CInlineAction))
#2 C:\OpenServer\domains\web-art.local\www\yii\framework\web\CController.php(265): CController->runActionWithFilters(Object(CInlineAction), Array)
#3 C:\OpenServer\domains\web-art.local\www\yii\framework\web\CWebApplication.php(282): CController->run('index')
#4 C:\OpenServer\domains\web-art.local\www\yii\framework\web\CWebApplication.php(141): CWebApplication->runController('site/index')
#5 C:\OpenServer\domains\web-art.local\www\yii\framework\base\CApplication.php(180): CWebApplication->processRequest()
#6 C:\OpenServer\domains\web-art.local\www\index.php(13): CApplication->run()
#7 {main}
REQUEST_URI=/index.php/popopo
---
2013/12/15 23:19:38 [error] [exception.CHttpException.400] exception 'CHttpException' with message 'Your request is invalid.' in C:\OpenServer\domains\web-art.local\www\yii\framework\web\CController.php:336
Stack trace:
#0 C:\OpenServer\domains\web-art.local\www\yii\framework\web\CController.php(309): CController->invalidActionParams(Object(CInlineAction))
#1 C:\OpenServer\domains\web-art.local\www\yii\framework\web\CController.php(286): CController->runAction(Object(CInlineAction))
#2 C:\OpenServer\domains\web-art.local\www\yii\framework\web\CController.php(265): CController->runActionWithFilters(Object(CInlineAction), Array)
#3 C:\OpenServer\domains\web-art.local\www\yii\framework\web\CWebApplication.php(282): CController->run('index')
#4 C:\OpenServer\domains\web-art.local\www\yii\framework\web\CWebApplication.php(141): CWebApplication->runController('site/index')
#5 C:\OpenServer\domains\web-art.local\www\yii\framework\base\CApplication.php(180): CWebApplication->processRequest()
#6 C:\OpenServer\domains\web-art.local\www\index.php(13): CApplication->run()
#7 {main}
REQUEST_URI=/index.php/popopo
---
2013/12/15 23:19:59 [error] [exception.CHttpException.404] exception 'CHttpException' with message 'Unable to resolve the request "index.php?r=site/index".' in C:\OpenServer\domains\web-art.local\www\yii\framework\web\CWebApplication.php:286
Stack trace:
#0 C:\OpenServer\domains\web-art.local\www\yii\framework\web\CWebApplication.php(141): CWebApplication->runController('index.php?r=sit...')
#1 C:\OpenServer\domains\web-art.local\www\yii\framework\base\CApplication.php(180): CWebApplication->processRequest()
#2 C:\OpenServer\domains\web-art.local\www\index.php(13): CApplication->run()
#3 {main}
REQUEST_URI=/index.php/popopo
---
2013/12/15 23:20:50 [error] [exception.CHttpException.400] exception 'CHttpException' with message 'Your request is invalid.' in C:\OpenServer\domains\web-art.local\www\yii\framework\web\CController.php:336
Stack trace:
#0 C:\OpenServer\domains\web-art.local\www\yii\framework\web\CController.php(309): CController->invalidActionParams(Object(CInlineAction))
#1 C:\OpenServer\domains\web-art.local\www\yii\framework\web\CController.php(286): CController->runAction(Object(CInlineAction))
#2 C:\OpenServer\domains\web-art.local\www\yii\framework\web\CController.php(265): CController->runActionWithFilters(Object(CInlineAction), Array)
#3 C:\OpenServer\domains\web-art.local\www\yii\framework\web\CWebApplication.php(282): CController->run('index')
#4 C:\OpenServer\domains\web-art.local\www\yii\framework\web\CWebApplication.php(141): CWebApplication->runController('site/index/?tex...')
#5 C:\OpenServer\domains\web-art.local\www\yii\framework\base\CApplication.php(180): CWebApplication->processRequest()
#6 C:\OpenServer\domains\web-art.local\www\index.php(13): CApplication->run()
#7 {main}
REQUEST_URI=/index.php/popopoef
---
